FWDE Debug Log — 20260722085042
22/07/2026 08:50:41

Entries: 227

2026-07-22 08:49:41.966 | Startup — desktop icon scan: 0 obstacles
2026-07-22 08:49:41.008 | PhysicsLoop — 4 windows tracked, 0 icon obstacles loaded
2026-07-22 08:49:42.010 | ApplyMovements — 0 moves across 1 ticks (avg 0.0/tick)
2026-07-22 08:49:42.461 | Physics tick — 4 windows, energy=0.0972, state=normal, dragHwnd=0x0
2026-07-22 08:49:42.931 | Physics tick — 4 windows, energy=0.1019, state=normal, dragHwnd=0x0
2026-07-22 08:49:43.024 | ApplyMovements — 7 moves across 65 ticks (avg 0.1/tick)
2026-07-22 08:49:43.392 | Physics tick — 4 windows, energy=0.0836, state=normal, dragHwnd=0x0
2026-07-22 08:49:43.859 | Physics tick — 4 windows, energy=0.0585, state=normal, dragHwnd=0x0
2026-07-22 08:49:44.014 | ApplyMovements — 7 moves across 64 ticks (avg 0.1/tick)
2026-07-22 08:49:44.339 | Physics tick — 4 windows, energy=0.0579, state=normal, dragHwnd=0x0
2026-07-22 08:49:44.853 | Physics tick — 4 windows, energy=0.0581, state=normal, dragHwnd=0x0
2026-07-22 08:49:45.010 | ApplyMovements — 2 moves across 60 ticks (avg 0.0/tick)
2026-07-22 08:49:45.315 | Physics tick — 4 windows, energy=0.0581, state=normal, dragHwnd=0x0
2026-07-22 08:49:45.771 | WindowList — 4 windows detected on monitor 1
2026-07-22 08:49:45.785 | Physics tick — 4 windows, energy=0.0581, state=normal, dragHwnd=0x0
2026-07-22 08:49:46.019 | ApplyMovements — 0 moves across 65 ticks (avg 0.0/tick)
2026-07-22 08:49:46.253 | Physics tick — 4 windows, energy=0.0581, state=normal, dragHwnd=0x0
2026-07-22 08:49:46.719 | Physics tick — 4 windows, energy=0.0581, state=normal, dragHwnd=0x0
2026-07-22 08:49:46.984 | Settle — limit cycle detected, zeroed velocities (energy was 0.0581)
2026-07-22 08:49:46.001 | Health beat — 4 windows, energy=0.0054, drag=no, snap=0, phys=0ms, vis=0ms
2026-07-22 08:49:47.016 | ApplyMovements — 0 moves across 64 ticks (avg 0.0/tick)
2026-07-22 08:49:47.186 | Physics tick — 4 windows, energy=0.0432, state=normal, dragHwnd=0x0
2026-07-22 08:49:47.657 | Physics tick — 4 windows, energy=0.0574, state=normal, dragHwnd=0x0
2026-07-22 08:49:48.019 | ApplyMovements — 0 moves across 64 ticks (avg 0.0/tick)
2026-07-22 08:49:48.128 | Physics tick — 4 windows, energy=0.0580, state=normal, dragHwnd=0x0
2026-07-22 08:49:48.594 | Physics tick — 4 windows, energy=0.0581, state=normal, dragHwnd=0x0
2026-07-22 08:49:49.011 | ApplyMovements — 0 moves across 63 ticks (avg 0.0/tick)
2026-07-22 08:49:49.074 | Physics tick — 4 windows, energy=0.0581, state=normal, dragHwnd=0x0
2026-07-22 08:49:49.545 | Physics tick — 4 windows, energy=0.0581, state=normal, dragHwnd=0x0
2026-07-22 08:49:49.766 | WindowList — 4 windows detected on monitor 1
2026-07-22 08:49:50.013 | Physics tick — 4 windows, energy=0.0581, state=normal, dragHwnd=0x0
2026-07-22 08:49:50.013 | ApplyMovements — 0 moves across 64 ticks (avg 0.0/tick)
2026-07-22 08:49:50.480 | Physics tick — 4 windows, energy=0.0581, state=normal, dragHwnd=0x0
2026-07-22 08:49:50.932 | Settle — limit cycle detected, zeroed velocities (energy was 0.0581)
2026-07-22 08:49:50.978 | Physics tick — 4 windows, energy=0.0154, state=normal, dragHwnd=0x0
2026-07-22 08:49:50.009 | ApplyMovements — 0 moves across 62 ticks (avg 0.0/tick)
2026-07-22 08:49:51.440 | Physics tick — 4 windows, energy=0.0563, state=normal, dragHwnd=0x0
2026-07-22 08:49:51.907 | Physics tick — 4 windows, energy=0.0580, state=normal, dragHwnd=0x0
2026-07-22 08:49:52.000 | Health beat — 4 windows, energy=0.0580, drag=no, snap=0, phys=0ms, vis=0ms
2026-07-22 08:49:52.015 | ApplyMovements — 0 moves across 65 ticks (avg 0.0/tick)
2026-07-22 08:49:52.374 | Physics tick — 4 windows, energy=0.0581, state=normal, dragHwnd=0x0
2026-07-22 08:49:52.841 | Physics tick — 4 windows, energy=0.0581, state=normal, dragHwnd=0x0
2026-07-22 08:49:53.010 | ApplyMovements — 0 moves across 63 ticks (avg 0.0/tick)
2026-07-22 08:49:53.321 | Physics tick — 4 windows, energy=0.0581, state=normal, dragHwnd=0x0
2026-07-22 08:49:53.776 | WindowList — 4 windows detected on monitor 1
2026-07-22 08:49:53.790 | Physics tick — 4 windows, energy=0.0581, state=normal, dragHwnd=0x0
2026-07-22 08:49:54.023 | ApplyMovements — 0 moves across 65 ticks (avg 0.0/tick)
2026-07-22 08:49:54.256 | Physics tick — 4 windows, energy=0.0581, state=normal, dragHwnd=0x0
2026-07-22 08:49:54.725 | Physics tick — 4 windows, energy=0.0581, state=normal, dragHwnd=0x0
2026-07-22 08:49:54.857 | Settle — limit cycle detected, zeroed velocities (energy was 0.0581)
2026-07-22 08:49:55.022 | ApplyMovements — 0 moves across 64 ticks (avg 0.0/tick)
2026-07-22 08:49:55.193 | Physics tick — 4 windows, energy=0.0517, state=normal, dragHwnd=0x0
2026-07-22 08:49:55.659 | Physics tick — 4 windows, energy=0.0578, state=normal, dragHwnd=0x0
2026-07-22 08:49:56.014 | ApplyMovements — 0 moves across 64 ticks (avg 0.0/tick)
2026-07-22 08:49:56.123 | Physics tick — 4 windows, energy=0.0581, state=normal, dragHwnd=0x0
2026-07-22 08:49:56.590 | Physics tick — 4 windows, energy=0.0581, state=normal, dragHwnd=0x0
2026-07-22 08:49:57.000 | Health beat — 4 windows, energy=0.0581, drag=no, snap=0, phys=0ms, vis=0ms
2026-07-22 08:49:57.014 | ApplyMovements — 0 moves across 64 ticks (avg 0.0/tick)
2026-07-22 08:49:57.059 | Physics tick — 4 windows, energy=0.0581, state=normal, dragHwnd=0x0
2026-07-22 08:49:57.553 | Physics tick — 4 windows, energy=0.0581, state=normal, dragHwnd=0x0
2026-07-22 08:49:57.774 | WindowList — 4 windows detected on monitor 1
2026-07-22 08:49:58.022 | Physics tick — 4 windows, energy=0.0581, state=normal, dragHwnd=0x0
2026-07-22 08:49:58.022 | ApplyMovements — 0 moves across 63 ticks (avg 0.0/tick)
2026-07-22 08:49:58.485 | Physics tick — 4 windows, energy=0.0758, state=normal, dragHwnd=0x0
2026-07-22 08:49:58.950 | Physics tick — 4 windows, energy=0.0795, state=normal, dragHwnd=0x0
2026-07-22 08:49:59.018 | ApplyMovements — 0 moves across 64 ticks (avg 0.0/tick)
2026-07-22 08:49:59.425 | Physics tick — 4 windows, energy=0.0796, state=normal, dragHwnd=0x0
2026-07-22 08:49:59.895 | Physics tick — 4 windows, energy=0.0796, state=normal, dragHwnd=0x0
2026-07-22 08:50:00.023 | ApplyMovements — 0 moves across 64 ticks (avg 0.0/tick)
2026-07-22 08:50:00.368 | Physics tick — 4 windows, energy=0.0796, state=normal, dragHwnd=0x0
2026-07-22 08:50:00.833 | Physics tick — 4 windows, energy=0.0796, state=normal, dragHwnd=0x0
2026-07-22 08:50:01.023 | ApplyMovements — 0 moves across 64 ticks (avg 0.0/tick)
2026-07-22 08:50:01.304 | Physics tick — 4 windows, energy=0.0796, state=normal, dragHwnd=0x0
2026-07-22 08:50:01.770 | Physics tick — 4 windows, energy=0.0796, state=normal, dragHwnd=0x0
2026-07-22 08:50:01.789 | WindowList — 4 windows detected on monitor 1
2026-07-22 08:50:02.003 | Health beat — 4 windows, energy=0.0796, drag=no, snap=0, phys=0ms, vis=0ms
2026-07-22 08:50:02.017 | Settle — limit cycle detected, zeroed velocities (energy was 0.0796)
2026-07-22 08:50:02.018 | ApplyMovements — 0 moves across 64 ticks (avg 0.0/tick)
2026-07-22 08:50:02.236 | Physics tick — 4 windows, energy=0.0611, state=normal, dragHwnd=0x0
2026-07-22 08:50:02.705 | Physics tick — 4 windows, energy=0.0788, state=normal, dragHwnd=0x0
2026-07-22 08:50:03.019 | ApplyMovements — 0 moves across 64 ticks (avg 0.0/tick)
2026-07-22 08:50:03.177 | Physics tick — 4 windows, energy=0.0796, state=normal, dragHwnd=0x0
2026-07-22 08:50:03.643 | Physics tick — 4 windows, energy=0.0796, state=normal, dragHwnd=0x0
2026-07-22 08:50:04.018 | ApplyMovements — 0 moves across 64 ticks (avg 0.0/tick)
2026-07-22 08:50:04.113 | Physics tick — 4 windows, energy=0.0796, state=normal, dragHwnd=0x0
2026-07-22 08:50:04.579 | Physics tick — 4 windows, energy=0.0796, state=normal, dragHwnd=0x0
2026-07-22 08:50:05.016 | ApplyMovements — 0 moves across 64 ticks (avg 0.0/tick)
2026-07-22 08:50:05.046 | Physics tick — 4 windows, energy=0.0796, state=normal, dragHwnd=0x0
2026-07-22 08:50:05.512 | Physics tick — 4 windows, energy=0.0796, state=normal, dragHwnd=0x0
2026-07-22 08:50:05.790 | WindowList — 4 windows detected on monitor 1
2026-07-22 08:50:06.006 | Settle — limit cycle detected, zeroed velocities (energy was 0.0796)
2026-07-22 08:50:06.006 | Physics tick — 4 windows, energy=0.0796, state=normal, dragHwnd=0x0
2026-07-22 08:50:06.022 | ApplyMovements — 0 moves across 63 ticks (avg 0.0/tick)
2026-07-22 08:50:06.470 | Physics tick — 4 windows, energy=0.0762, state=normal, dragHwnd=0x0
2026-07-22 08:50:06.936 | Physics tick — 4 windows, energy=0.0795, state=normal, dragHwnd=0x0
2026-07-22 08:50:07.000 | Health beat — 4 windows, energy=0.0795, drag=no, snap=0, phys=0ms, vis=0ms
2026-07-22 08:50:07.015 | ApplyMovements — 0 moves across 64 ticks (avg 0.0/tick)
2026-07-22 08:50:07.404 | Physics tick — 4 windows, energy=0.0796, state=normal, dragHwnd=0x0
2026-07-22 08:50:07.874 | Physics tick — 4 windows, energy=0.0796, state=normal, dragHwnd=0x0
2026-07-22 08:50:08.016 | ApplyMovements — 0 moves across 64 ticks (avg 0.0/tick)
2026-07-22 08:50:08.341 | Physics tick — 4 windows, energy=0.0796, state=normal, dragHwnd=0x0
2026-07-22 08:50:08.808 | Physics tick — 4 windows, energy=0.0796, state=normal, dragHwnd=0x0
2026-07-22 08:50:09.014 | ApplyMovements — 0 moves across 64 ticks (avg 0.0/tick)
2026-07-22 08:50:09.278 | Physics tick — 4 windows, energy=0.0796, state=normal, dragHwnd=0x0
2026-07-22 08:50:09.747 | Physics tick — 4 windows, energy=0.0796, state=normal, dragHwnd=0x0
2026-07-22 08:50:09.778 | WindowList — 4 windows detected on monitor 1
2026-07-22 08:50:09.978 | Settle — limit cycle detected, zeroed velocities (energy was 0.0796)
2026-07-22 08:50:09.026 | ApplyMovements — 0 moves across 62 ticks (avg 0.0/tick)
2026-07-22 08:50:10.291 | Physics tick — 4 windows, energy=0.0661, state=normal, dragHwnd=0x0
2026-07-22 08:50:10.774 | Physics tick — 4 windows, energy=0.0790, state=normal, dragHwnd=0x0
2026-07-22 08:50:11.035 | ApplyMovements — 0 moves across 62 ticks (avg 0.0/tick)
2026-07-22 08:50:11.238 | Physics tick — 4 windows, energy=0.0796, state=normal, dragHwnd=0x0
2026-07-22 08:50:11.703 | Physics tick — 4 windows, energy=0.0796, state=normal, dragHwnd=0x0
2026-07-22 08:50:11.998 | Health beat — 4 windows, energy=0.0796, drag=no, snap=0, phys=0ms, vis=0ms
2026-07-22 08:50:11.028 | ApplyMovements — 0 moves across 64 ticks (avg 0.0/tick)
2026-07-22 08:50:12.168 | Physics tick — 4 windows, energy=0.0796, state=normal, dragHwnd=0x0
2026-07-22 08:50:12.645 | Physics tick — 4 windows, energy=0.0796, state=normal, dragHwnd=0x0
2026-07-22 08:50:13.036 | ApplyMovements — 0 moves across 64 ticks (avg 0.0/tick)
2026-07-22 08:50:13.115 | Physics tick — 4 windows, energy=0.0796, state=normal, dragHwnd=0x0
2026-07-22 08:50:13.586 | Physics tick — 4 windows, energy=0.0796, state=normal, dragHwnd=0x0
2026-07-22 08:50:13.792 | WindowList — 4 windows detected on monitor 1
2026-07-22 08:50:14.010 | Settle — limit cycle detected, zeroed velocities (energy was 0.0796)
2026-07-22 08:50:14.027 | ApplyMovements — 0 moves across 61 ticks (avg 0.0/tick)
2026-07-22 08:50:14.090 | Physics tick — 4 windows, energy=0.0318, state=normal, dragHwnd=0x0
2026-07-22 08:50:14.566 | Physics tick — 4 windows, energy=0.0776, state=normal, dragHwnd=0x0
2026-07-22 08:50:15.034 | Physics tick — 4 windows, energy=0.0795, state=normal, dragHwnd=0x0
2026-07-22 08:50:15.034 | ApplyMovements — 0 moves across 64 ticks (avg 0.0/tick)
2026-07-22 08:50:15.509 | Physics tick — 4 windows, energy=0.0796, state=normal, dragHwnd=0x0
2026-07-22 08:50:15.973 | Physics tick — 4 windows, energy=0.0796, state=normal, dragHwnd=0x0
2026-07-22 08:50:16.034 | ApplyMovements — 0 moves across 64 ticks (avg 0.0/tick)
2026-07-22 08:50:16.438 | Physics tick — 4 windows, energy=0.0796, state=normal, dragHwnd=0x0
2026-07-22 08:50:16.904 | Physics tick — 4 windows, energy=0.0796, state=normal, dragHwnd=0x0
2026-07-22 08:50:16.998 | Health beat — 4 windows, energy=0.0796, drag=no, snap=0, phys=0ms, vis=0ms
2026-07-22 08:50:16.028 | ApplyMovements — 0 moves across 64 ticks (avg 0.0/tick)
2026-07-22 08:50:17.371 | Physics tick — 4 windows, energy=0.0796, state=normal, dragHwnd=0x0
2026-07-22 08:50:17.798 | WindowList — 4 windows detected on monitor 1
2026-07-22 08:50:17.841 | Physics tick — 4 windows, energy=0.0796, state=normal, dragHwnd=0x0
2026-07-22 08:50:17.997 | Settle — limit cycle detected, zeroed velocities (energy was 0.0796)
2026-07-22 08:50:17.028 | ApplyMovements — 0 moves across 64 ticks (avg 0.0/tick)
2026-07-22 08:50:18.324 | Physics tick — 4 windows, energy=0.0698, state=normal, dragHwnd=0x0
2026-07-22 08:50:18.837 | Physics tick — 4 windows, energy=0.0792, state=normal, dragHwnd=0x0
2026-07-22 08:50:19.039 | ApplyMovements — 0 moves across 61 ticks (avg 0.0/tick)
2026-07-22 08:50:19.303 | Physics tick — 4 windows, energy=0.0796, state=normal, dragHwnd=0x0
2026-07-22 08:50:19.768 | Physics tick — 4 windows, energy=0.0796, state=normal, dragHwnd=0x0
2026-07-22 08:50:20.031 | ApplyMovements — 0 moves across 64 ticks (avg 0.0/tick)
2026-07-22 08:50:20.235 | Physics tick — 4 windows, energy=0.0796, state=normal, dragHwnd=0x0
2026-07-22 08:50:20.702 | Physics tick — 4 windows, energy=0.0796, state=normal, dragHwnd=0x0
2026-07-22 08:50:21.028 | ApplyMovements — 0 moves across 64 ticks (avg 0.0/tick)
2026-07-22 08:50:21.167 | Physics tick — 4 windows, energy=0.0796, state=normal, dragHwnd=0x0
2026-07-22 08:50:21.638 | Physics tick — 4 windows, energy=0.0796, state=normal, dragHwnd=0x0
2026-07-22 08:50:21.798 | WindowList — 4 windows detected on monitor 1
2026-07-22 08:50:21.999 | Health beat — 4 windows, energy=0.0796, drag=no, snap=0, phys=0ms, vis=0ms
2026-07-22 08:50:21.029 | Settle — limit cycle detected, zeroed velocities (energy was 0.0796)
2026-07-22 08:50:22.030 | ApplyMovements — 0 moves across 64 ticks (avg 0.0/tick)
2026-07-22 08:50:22.108 | Physics tick — 4 windows, energy=0.0318, state=normal, dragHwnd=0x0
2026-07-22 08:50:22.577 | Physics tick — 4 windows, energy=0.0776, state=normal, dragHwnd=0x0
2026-07-22 08:50:23.038 | ApplyMovements — 0 moves across 56 ticks (avg 0.0/tick)
2026-07-22 08:50:23.177 | Physics tick — 4 windows, energy=0.0795, state=normal, dragHwnd=0x0
2026-07-22 08:50:23.643 | Physics tick — 4 windows, energy=0.0796, state=normal, dragHwnd=0x0
2026-07-22 08:50:24.033 | ApplyMovements — 0 moves across 64 ticks (avg 0.0/tick)
2026-07-22 08:50:24.111 | Physics tick — 4 windows, energy=0.0796, state=normal, dragHwnd=0x0
2026-07-22 08:50:24.580 | Physics tick — 4 windows, energy=0.0796, state=normal, dragHwnd=0x0
2026-07-22 08:50:25.031 | ApplyMovements — 0 moves across 64 ticks (avg 0.0/tick)
2026-07-22 08:50:25.047 | Physics tick — 4 windows, energy=0.0796, state=normal, dragHwnd=0x0
2026-07-22 08:50:25.517 | Physics tick — 4 windows, energy=0.0796, state=normal, dragHwnd=0x0
2026-07-22 08:50:25.907 | WindowList — 4 windows detected on monitor 1
2026-07-22 08:50:25.982 | Physics tick — 4 windows, energy=0.0796, state=normal, dragHwnd=0x0
2026-07-22 08:50:25.031 | ApplyMovements — 0 moves across 64 ticks (avg 0.0/tick)
2026-07-22 08:50:26.138 | Settle — limit cycle detected, zeroed velocities (energy was 0.0796)
2026-07-22 08:50:26.463 | Physics tick — 4 windows, energy=0.0698, state=normal, dragHwnd=0x0
2026-07-22 08:50:26.938 | Physics tick — 4 windows, energy=0.0792, state=normal, dragHwnd=0x0
2026-07-22 08:50:27.007 | Health beat — 4 windows, energy=0.0793, drag=no, snap=0, phys=0ms, vis=0ms
2026-07-22 08:50:27.037 | ApplyMovements — 0 moves across 63 ticks (avg 0.0/tick)
2026-07-22 08:50:27.409 | Physics tick — 4 windows, energy=0.0796, state=normal, dragHwnd=0x0
2026-07-22 08:50:27.874 | Physics tick — 4 windows, energy=0.0796, state=normal, dragHwnd=0x0
2026-07-22 08:50:28.031 | ApplyMovements — 0 moves across 64 ticks (avg 0.0/tick)
2026-07-22 08:50:28.344 | Physics tick — 4 windows, energy=0.0796, state=normal, dragHwnd=0x0
2026-07-22 08:50:28.811 | Physics tick — 4 windows, energy=0.0796, state=normal, dragHwnd=0x0
2026-07-22 08:50:29.035 | ApplyMovements — 0 moves across 64 ticks (avg 0.0/tick)
2026-07-22 08:50:29.283 | Physics tick — 4 windows, energy=0.0796, state=normal, dragHwnd=0x0
2026-07-22 08:50:29.748 | Physics tick — 4 windows, energy=0.0796, state=normal, dragHwnd=0x0
2026-07-22 08:50:29.904 | WindowList — 4 windows detected on monitor 1
2026-07-22 08:50:30.029 | ApplyMovements — 0 moves across 64 ticks (avg 0.0/tick)
2026-07-22 08:50:30.136 | Settle — limit cycle detected, zeroed velocities (energy was 0.0796)
2026-07-22 08:50:30.228 | Physics tick — 4 windows, energy=0.0318, state=normal, dragHwnd=0x0
2026-07-22 08:50:30.696 | Physics tick — 4 windows, energy=0.0584, state=normal, dragHwnd=0x0
2026-07-22 08:50:31.038 | ApplyMovements — 0 moves across 64 ticks (avg 0.0/tick)
2026-07-22 08:50:31.164 | Physics tick — 4 windows, energy=0.0577, state=normal, dragHwnd=0x0
2026-07-22 08:50:31.629 | Physics tick — 4 windows, energy=0.0576, state=normal, dragHwnd=0x0
2026-07-22 08:50:32.003 | Health beat — 4 windows, energy=0.0576, drag=no, snap=0, phys=0ms, vis=0ms
2026-07-22 08:50:32.033 | ApplyMovements — 0 moves across 64 ticks (avg 0.0/tick)
2026-07-22 08:50:32.094 | Physics tick — 4 windows, energy=0.0576, state=normal, dragHwnd=0x0
2026-07-22 08:50:32.563 | Physics tick — 4 windows, energy=0.0576, state=normal, dragHwnd=0x0
2026-07-22 08:50:33.030 | Physics tick — 4 windows, energy=0.0576, state=normal, dragHwnd=0x0
2026-07-22 08:50:33.030 | ApplyMovements — 0 moves across 64 ticks (avg 0.0/tick)
2026-07-22 08:50:33.497 | Physics tick — 4 windows, energy=0.0576, state=normal, dragHwnd=0x0
2026-07-22 08:50:33.932 | WindowList — 4 windows detected on monitor 1
2026-07-22 08:50:33.993 | Physics tick — 4 windows, energy=0.0576, state=normal, dragHwnd=0x0
2026-07-22 08:50:33.009 | Settle — limit cycle detected, zeroed velocities (energy was 0.0576)
2026-07-22 08:50:34.026 | ApplyMovements — 0 moves across 62 ticks (avg 0.0/tick)
2026-07-22 08:50:34.454 | Physics tick — 4 windows, energy=0.0549, state=normal, dragHwnd=0x0
2026-07-22 08:50:34.924 | Physics tick — 4 windows, energy=0.0575, state=normal, dragHwnd=0x0
2026-07-22 08:50:35.034 | ApplyMovements — 0 moves across 65 ticks (avg 0.0/tick)
2026-07-22 08:50:35.390 | Physics tick — 4 windows, energy=0.0576, state=normal, dragHwnd=0x0
2026-07-22 08:50:35.857 | Physics tick — 4 windows, energy=0.0576, state=normal, dragHwnd=0x0
2026-07-22 08:50:36.030 | ApplyMovements — 0 moves across 64 ticks (avg 0.0/tick)
2026-07-22 08:50:36.354 | Physics tick — 4 windows, energy=0.0576, state=normal, dragHwnd=0x0
2026-07-22 08:50:36.824 | Physics tick — 4 windows, energy=0.0576, state=normal, dragHwnd=0x0
2026-07-22 08:50:37.011 | Health beat — 4 windows, energy=0.0576, drag=no, snap=0, phys=16ms, vis=0ms
2026-07-22 08:50:37.025 | ApplyMovements — 0 moves across 60 ticks (avg 0.0/tick)
2026-07-22 08:50:37.321 | Physics tick — 4 windows, energy=0.0576, state=normal, dragHwnd=0x0
2026-07-22 08:50:37.785 | Physics tick — 4 windows, energy=0.0576, state=normal, dragHwnd=0x0
2026-07-22 08:50:37.938 | WindowList — 4 windows detected on monitor 1
2026-07-22 08:50:37.949 | Settle — limit cycle detected, zeroed velocities (energy was 0.0576)
2026-07-22 08:50:38.032 | ApplyMovements — 0 moves across 65 ticks (avg 0.0/tick)
2026-07-22 08:50:38.251 | Physics tick — 4 windows, energy=0.0498, state=normal, dragHwnd=0x0
2026-07-22 08:50:38.720 | Physics tick — 4 windows, energy=0.0573, state=normal, dragHwnd=0x0
2026-07-22 08:50:39.033 | ApplyMovements — 0 moves across 64 ticks (avg 0.0/tick)
2026-07-22 08:50:39.189 | Physics tick — 4 windows, energy=0.0587, state=normal, dragHwnd=0x0
2026-07-22 08:50:39.653 | Physics tick — 4 windows, energy=0.0787, state=normal, dragHwnd=0x0
2026-07-22 08:50:40.030 | ApplyMovements — 0 moves across 64 ticks (avg 0.0/tick)
2026-07-22 08:50:40.122 | Physics tick — 4 windows, energy=0.0796, state=normal, dragHwnd=0x0
2026-07-22 08:50:40.606 | Physics tick — 4 windows, energy=0.0922, state=normal, dragHwnd=0x0
2026-07-22 08:50:41.030 | ApplyMovements — 33 moves across 61 ticks (avg 0.5/tick)
2026-07-22 08:50:41.118 | Physics tick — 5 windows, energy=0.2164, state=chaos, dragHwnd=0x0
2026-07-22 08:50:41.575 | Physics tick — 5 windows, energy=0.2310, state=chaos, dragHwnd=0x0
2026-07-22 08:50:41.954 | WindowList — 5 windows detected on monitor 1