[2025-08-02 11:59:02.fff] [DEBUG] [PHYSICS] Window snapped to target | Data: {, HWND: 263352}
[2025-08-02 11:59:02.fff] [DEBUG] [PHYSICS] Force calculation complete | Data: {, FinalVelocity: -0.0008,-0.0005, HWND: 263056, Interactions: 0}
[2025-08-02 11:59:02.fff] [DEBUG] [MOVEMENT] Movement batch complete | Data: {, MovementsBatched: 1, MovementsExecuted: 1, WindowsMoved: 1, WindowsProcessed: 9}
[2025-08-02 11:59:02.fff] [DEBUG] [PHYSICS] Window snapped to target | Data: {, HWND: 263056}
[2025-08-02 11:59:02.fff] [DEBUG] [PHYSICS] Force calculation complete | Data: {, FinalVelocity: 0.3307,1.2063, HWND: 66982, Interactions: 1}
[2025-08-02 11:59:02.fff] [DEBUG] [PHYSICS] Force calculation complete | Data: {, FinalVelocity: 0.0014,-0.0001, HWND: 7801396, Interactions: 0}
[2025-08-02 11:59:02.fff] [DEBUG] [PHYSICS] Window snapped to target | Data: {, HWND: 7801396}
[2025-08-02 11:59:02.fff] [DEBUG] [MOVEMENT] Movement batch complete | Data: {, MovementsBatched: 1, MovementsExecuted: 1, WindowsMoved: 1, WindowsProcessed: 9}
[2025-08-02 11:59:02.fff] [DEBUG] [PHYSICS] Force calculation complete | Data: {, FinalVelocity: -0.5217,0.1120, HWND: 4589758, Interactions: 1}
[2025-08-02 11:59:02.fff] [DEBUG] [PHYSICS] Force calculation complete | Data: {, FinalVelocity: -0.9192,-0.1329, HWND: 788694, Interactions: 1}
[2025-08-02 11:59:02.fff] [DEBUG] [PHYSICS] Force calculation complete | Data: {, FinalVelocity: 0.7283,-4.7693, HWND: 525944, Interactions: 0}
[2025-08-02 11:59:02.fff] [DEBUG] [PHYSICS] Window snapped to target | Data: {, HWND: 263352}
[2025-08-02 11:59:02.fff] [DEBUG] [PHYSICS] Force calculation complete | Data: {, FinalVelocity: -0.0282,-0.0198, HWND: 263056, Interactions: 1}
[2025-08-02 11:59:02.fff] [DEBUG] [WINDOW_LIST] Starting window scan | Data: {, ExistingWindows: 9, SeamlessMode: 0}
[2025-08-02 11:59:02.fff] [DEBUG] [CLASSIFY] Window has floating style | Data: {, HWND: 6423140}
[2025-08-02 11:59:02.fff] [DEBUG] [WINDOW_DATA] Window data created successfully | Data: {, HWND: 6423140, Mass: 0.0401, Monitor: 2}
[2025-08-02 11:59:02.fff] [DEBUG] [CLASSIFY] Window has floating style | Data: {, HWND: 984402}
[2025-08-02 11:59:02.fff] [DEBUG] [WINDOW_DATA] Window data created successfully | Data: {, HWND: 984402, Mass: 1.1352, Monitor: 1}
[2025-08-02 11:59:02.fff] [DEBUG] [CLASSIFY] Window has floating style | Data: {, HWND: 263352}
[2025-08-02 11:59:02.fff] [DEBUG] [WINDOW_DATA] Window data created successfully | Data: {, HWND: 263352, Mass: 5.3100, Monitor: 1}
[2025-08-02 11:59:02.fff] [DEBUG] [CLASSIFY] Window has floating style | Data: {, HWND: 263056}
[2025-08-02 11:59:02.fff] [DEBUG] [WINDOW_DATA] Window data created successfully | Data: {, HWND: 263056, Mass: 4.4768, Monitor: 1}
[2025-08-02 11:59:02.fff] [DEBUG] [CLASSIFY] Window has floating style | Data: {, HWND: 66982}
[2025-08-02 11:59:02.fff] [DEBUG] [WINDOW_DATA] Window data created successfully | Data: {, HWND: 66982, Mass: 0.5280, Monitor: 2}
[2025-08-02 11:59:02.fff] [DEBUG] [CLASSIFY] Window has floating style | Data: {, HWND: 7801396}
[2025-08-02 11:59:02.fff] [DEBUG] [WINDOW_DATA] Window data created successfully | Data: {, HWND: 7801396, Mass: 10.1941, Monitor: 1}
[2025-08-02 11:59:02.fff] [DEBUG] [CLASSIFY] Window has floating style | Data: {, HWND: 4589758}
[2025-08-02 11:59:02.fff] [DEBUG] [WINDOW_DATA] Window data created successfully | Data: {, HWND: 4589758, Mass: 5.6706, Monitor: 1}
[2025-08-02 11:59:02.fff] [DEBUG] [CLASSIFY] Window has floating style | Data: {, HWND: 788694}
[2025-08-02 11:59:02.fff] [DEBUG] [WINDOW_DATA] Window data created successfully | Data: {, HWND: 788694, Mass: 2.1504, Monitor: 1}
[2025-08-02 11:59:02.fff] [DEBUG] [CLASSIFY] Window has floating style | Data: {, HWND: 525944}
[2025-08-02 11:59:02.fff] [DEBUG] [WINDOW_DATA] Window data created successfully | Data: {, HWND: 525944, Mass: 11.4426, Monitor: 2}
[2025-08-02 11:59:02.fff] [INFO] [WINDOW_LIST] Window scan complete | Data: {, FinalCount: 9, WindowsIncluded: 9, WindowsScanned: 14, WindowsSkipped: 5}
[2025-08-02 11:59:02.fff] [DEBUG] [UPDATE] Window states updated | Data: {, ArrangementActive: 1, PhysicsEnabled: 1, WindowCount: 9}
[2025-08-02 11:59:02.fff] [DEBUG] [MOVEMENT] Movement batch complete | Data: {, MovementsBatched: 2, MovementsExecuted: 2, WindowsMoved: 2, WindowsProcessed: 9}
[2025-08-02 11:59:02.fff] [DEBUG] [PHYSICS] Force calculation complete | Data: {, FinalVelocity: -0.3708,0.8256, HWND: 6423140, Interactions: 1}
[2025-08-02 11:59:02.fff] [DEBUG] [PHYSICS] Force calculation complete | Data: {, FinalVelocity: 0.0000,3.1307, HWND: 984402, Interactions: 0}
[2025-08-02 11:59:02.fff] [DEBUG] [PHYSICS] Force calculation complete | Data: {, FinalVelocity: -0.0009,0.0005, HWND: 263352, Interactions: 0}
[2025-08-02 11:59:02.fff] [DEBUG] [PHYSICS] Window snapped to target | Data: {, HWND: 263352}
[2025-08-02 11:59:02.fff] [DEBUG] [PHYSICS] Force calculation complete | Data: {, FinalVelocity: -0.0008,-0.0006, HWND: 263056, Interactions: 0}
[2025-08-02 11:59:02.fff] [DEBUG] [PHYSICS] Window snapped to target | Data: {, HWND: 263056}
[2025-08-02 11:59:03.fff] [DEBUG] [PHYSICS] Force calculation complete | Data: {, FinalVelocity: 0.3153,1.4019, HWND: 66982, Interactions: 1}
[2025-08-02 11:59:03.fff] [DEBUG] [MOVEMENT] Movement batch complete | Data: {, MovementsBatched: 2, MovementsExecuted: 2, WindowsMoved: 2, WindowsProcessed: 9}
[2025-08-02 11:59:03.fff] [DEBUG] [PHYSICS] Force calculation complete | Data: {, FinalVelocity: 0.0016,-0.0001, HWND: 7801396, Interactions: 0}
[2025-08-02 11:59:03.fff] [DEBUG] [PHYSICS] Window snapped to target | Data: {, HWND: 7801396}
[2025-08-02 11:59:03.fff] [DEBUG] [PHYSICS] Force calculation complete | Data: {, FinalVelocity: -0.5608,0.1204, HWND: 4589758, Interactions: 1}
[2025-08-02 11:59:03.fff] [DEBUG] [PHYSICS] Force calculation complete | Data: {, FinalVelocity: -0.9192,-0.1329, HWND: 788694, Interactions: 1}
[2025-08-02 11:59:03.fff] [DEBUG] [PHYSICS] Force calculation complete | Data: {, FinalVelocity: 0.7284,-4.7694, HWND: 525944, Interactions: 0}
[2025-08-02 11:59:03.fff] [DEBUG] [MOVEMENT] Movement batch complete | Data: {, MovementsBatched: 1, MovementsExecuted: 1, WindowsMoved: 1, WindowsProcessed: 9}
[2025-08-02 11:59:03.fff] [DEBUG] [PHYSICS] Window snapped to target | Data: {, HWND: 263056}
[2025-08-02 11:59:03.fff] [DEBUG] [PHYSICS] Force calculation complete | Data: {, FinalVelocity: 0.4531,4.7817, HWND: 66982, Interactions: 2}
[2025-08-02 11:59:03.fff] [DEBUG] [PHYSICS] Force calculation complete | Data: {, FinalVelocity: 0.0603,-0.0036, HWND: 7801396, Interactions: 1}
[2025-08-02 11:59:03.fff] [DEBUG] [PHYSICS] Window snapped to target | Data: {, HWND: 7801396}
[2025-08-02 11:59:03.fff] [DEBUG] [WINDOW_LIST] Starting window scan | Data: {, ExistingWindows: 9, SeamlessMode: 0}
[2025-08-02 11:59:03.fff] [DEBUG] [CLASSIFY] Window has floating style | Data: {, HWND: 6423140}
[2025-08-02 11:59:03.fff] [DEBUG] [WINDOW_DATA] Window data created successfully | Data: {, HWND: 6423140, Mass: 0.0401, Monitor: 2}
[2025-08-02 11:59:03.fff] [DEBUG] [CLASSIFY] Window has floating style | Data: {, HWND: 984402}
[2025-08-02 11:59:03.fff] [DEBUG] [WINDOW_DATA] Window data created successfully | Data: {, HWND: 984402, Mass: 1.1352, Monitor: 1}
[2025-08-02 11:59:03.fff] [DEBUG] [CLASSIFY] Window has floating style | Data: {, HWND: 263352}
[2025-08-02 11:59:03.fff] [DEBUG] [WINDOW_DATA] Window data created successfully | Data: {, HWND: 263352, Mass: 5.3100, Monitor: 1}
[2025-08-02 11:59:03.fff] [DEBUG] [CLASSIFY] Window has floating style | Data: {, HWND: 263056}
[2025-08-02 11:59:03.fff] [DEBUG] [WINDOW_DATA] Window data created successfully | Data: {, HWND: 263056, Mass: 4.4768, Monitor: 1}
[2025-08-02 11:59:03.fff] [DEBUG] [CLASSIFY] Window has floating style | Data: {, HWND: 66982}
[2025-08-02 11:59:03.fff] [DEBUG] [WINDOW_DATA] Window data created successfully | Data: {, HWND: 66982, Mass: 0.5280, Monitor: 2}
[2025-08-02 11:59:03.fff] [DEBUG] [CLASSIFY] Window has floating style | Data: {, HWND: 7801396}
[2025-08-02 11:59:03.fff] [DEBUG] [WINDOW_DATA] Window data created successfully | Data: {, HWND: 7801396, Mass: 10.1941, Monitor: 1}
[2025-08-02 11:59:03.fff] [DEBUG] [CLASSIFY] Window has floating style | Data: {, HWND: 4589758}
[2025-08-02 11:59:03.fff] [DEBUG] [WINDOW_DATA] Window data created successfully | Data: {, HWND: 4589758, Mass: 5.6706, Monitor: 1}
[2025-08-02 11:59:03.fff] [DEBUG] [CLASSIFY] Window has floating style | Data: {, HWND: 788694}
[2025-08-02 11:59:03.fff] [DEBUG] [WINDOW_DATA] Window data created successfully | Data: {, HWND: 788694, Mass: 2.1504, Monitor: 1}
[2025-08-02 11:59:03.fff] [DEBUG] [CLASSIFY] Window has floating style | Data: {, HWND: 525944}
[2025-08-02 11:59:03.fff] [DEBUG] [WINDOW_DATA] Window data created successfully | Data: {, HWND: 525944, Mass: 11.4426, Monitor: 2}
[2025-08-02 11:59:03.fff] [INFO] [WINDOW_LIST] Window scan complete | Data: {, FinalCount: 9, WindowsIncluded: 9, WindowsScanned: 14, WindowsSkipped: 5}
[2025-08-02 11:59:03.fff] [DEBUG] [UPDATE] Window states updated | Data: {, ArrangementActive: 1, PhysicsEnabled: 1, WindowCount: 9}
[2025-08-02 11:59:03.fff] [DEBUG] [PHYSICS] Force calculation complete | Data: {, FinalVelocity: -0.2180,0.7408, HWND: 6423140, Interactions: 0}
[2025-08-02 11:59:03.fff] [DEBUG] [MOVEMENT] Movement batch complete | Data: {, MovementsBatched: 2, MovementsExecuted: 2, WindowsMoved: 2, WindowsProcessed: 9}
[2025-08-02 11:59:03.fff] [DEBUG] [PHYSICS] Force calculation complete | Data: {, FinalVelocity: 0.0000,2.5915, HWND: 984402, Interactions: 0}
[2025-08-02 11:59:03.fff] [DEBUG] [PHYSICS] Force calculation complete | Data: {, FinalVelocity: -0.0009,0.0006, HWND: 263352, Interactions: 0}
[2025-08-02 11:59:03.fff] [DEBUG] [PHYSICS] Window snapped to target | Data: {, HWND: 263352}
[2025-08-02 11:59:03.fff] [DEBUG] [PHYSICS] Force calculation complete | Data: {, FinalVelocity: -0.0009,-0.0006, HWND: 263056, Interactions: 0}
[2025-08-02 11:59:03.fff] [DEBUG] [MOVEMENT] Movement batch complete | Data: {, MovementsBatched: 2, MovementsExecuted: 2, WindowsMoved: 2, WindowsProcessed: 9}
[2025-08-02 11:59:03.fff] [DEBUG] [PHYSICS] Window snapped to target | Data: {, HWND: 263056}
[2025-08-02 11:59:03.fff] [DEBUG] [PHYSICS] Force calculation complete | Data: {, FinalVelocity: 0.3062,1.5168, HWND: 66982, Interactions: 1}
[2025-08-02 11:59:03.fff] [DEBUG] [PHYSICS] Force calculation complete | Data: {, FinalVelocity: 0.0017,-0.0001, HWND: 7801396, Interactions: 0}
[2025-08-02 11:59:03.fff] [DEBUG] [PHYSICS] Window snapped to target | Data: {, HWND: 7801396}
[2025-08-02 11:59:03.fff] [DEBUG] [PHYSICS] Force calculation complete | Data: {, FinalVelocity: -0.5838,0.1254, HWND: 4589758, Interactions: 1}
[2025-08-02 11:59:03.fff] [DEBUG] [MOVEMENT] Movement batch complete | Data: {, MovementsBatched: 1, MovementsExecuted: 1, WindowsMoved: 1, WindowsProcessed: 9}
[2025-08-02 11:59:03.fff] [DEBUG] [PHYSICS] Force calculation complete | Data: {, FinalVelocity: -0.9193,-0.1329, HWND: 788694, Interactions: 1}
[2025-08-02 11:59:03.fff] [DEBUG] [PHYSICS] Force calculation complete | Data: {, FinalVelocity: 0.7284,-4.7694, HWND: 525944, Interactions: 0}
[2025-08-02 11:59:03.fff] [DEBUG] [PHYSICS] Force calculation complete | Data: {, FinalVelocity: -0.5217,0.1120, HWND: 4589758, Interactions: 2}
[2025-08-02 11:59:03.fff] [DEBUG] [PHYSICS] Force calculation complete | Data: {, FinalVelocity: -0.9192,-0.1329, HWND: 788694, Interactions: 2}
[2025-08-02 11:59:03.fff] [DEBUG] [WINDOW_LIST] Starting window scan | Data: {, ExistingWindows: 9, SeamlessMode: 0}
[2025-08-02 11:59:03.fff] [DEBUG] [CLASSIFY] Window has floating style | Data: {, HWND: 6423140}
[2025-08-02 11:59:03.fff] [DEBUG] [WINDOW_DATA] Window data created successfully | Data: {, HWND: 6423140, Mass: 0.0401, Monitor: 2}
[2025-08-02 11:59:03.fff] [DEBUG] [CLASSIFY] Window has floating style | Data: {, HWND: 984402}
[2025-08-02 11:59:03.fff] [DEBUG] [WINDOW_DATA] Window data created successfully | Data: {, HWND: 984402, Mass: 1.1352, Monitor: 1}
[2025-08-02 11:59:03.fff] [DEBUG] [CLASSIFY] Window has floating style | Data: {, HWND: 263352}
[2025-08-02 11:59:03.fff] [DEBUG] [WINDOW_DATA] Window data created successfully | Data: {, HWND: 263352, Mass: 5.3100, Monitor: 1}
[2025-08-02 11:59:03.fff] [DEBUG] [CLASSIFY] Window has floating style | Data: {, HWND: 263056}
[2025-08-02 11:59:03.fff] [DEBUG] [WINDOW_DATA] Window data created successfully | Data: {, HWND: 263056, Mass: 4.4768, Monitor: 1}
[2025-08-02 11:59:03.fff] [DEBUG] [CLASSIFY] Window has floating style | Data: {, HWND: 66982}
[2025-08-02 11:59:03.fff] [DEBUG] [WINDOW_DATA] Window data created successfully | Data: {, HWND: 66982, Mass: 0.5280, Monitor: 2}
[2025-08-02 11:59:03.fff] [DEBUG] [CLASSIFY] Window has floating style | Data: {, HWND: 7801396}
[2025-08-02 11:59:03.fff] [DEBUG] [WINDOW_DATA] Window data created successfully | Data: {, HWND: 7801396, Mass: 10.1941, Monitor: 1}
[2025-08-02 11:59:03.fff] [DEBUG] [CLASSIFY] Window has floating style | Data: {, HWND: 4589758}
[2025-08-02 11:59:03.fff] [DEBUG] [WINDOW_DATA] Window data created successfully | Data: {, HWND: 4589758, Mass: 5.6706, Monitor: 1}
[2025-08-02 11:59:03.fff] [DEBUG] [CLASSIFY] Window has floating style | Data: {, HWND: 788694}
[2025-08-02 11:59:03.fff] [DEBUG] [WINDOW_DATA] Window data created successfully | Data: {, HWND: 788694, Mass: 2.1504, Monitor: 1}
[2025-08-02 11:59:03.fff] [DEBUG] [CLASSIFY] Window has floating style | Data: {, HWND: 525944}
[2025-08-02 11:59:03.fff] [DEBUG] [WINDOW_DATA] Window data created successfully | Data: {, HWND: 525944, Mass: 11.4426, Monitor: 2}
[2025-08-02 11:59:03.fff] [INFO] [WINDOW_LIST] Window scan complete | Data: {, FinalCount: 9, WindowsIncluded: 9, WindowsScanned: 14, WindowsSkipped: 5}
[2025-08-02 11:59:03.fff] [DEBUG] [UPDATE] Window states updated | Data: {, ArrangementActive: 1, PhysicsEnabled: 1, WindowCount: 9}
[2025-08-02 11:59:03.fff] [DEBUG] [PHYSICS] Force calculation complete | Data: {, FinalVelocity: -0.1281,0.6910, HWND: 6423140, Interactions: 0}
[2025-08-02 11:59:03.fff] [DEBUG] [MOVEMENT] Movement batch complete | Data: {, MovementsBatched: 2, MovementsExecuted: 2, WindowsMoved: 2, WindowsProcessed: 9}
[2025-08-02 11:59:03.fff] [DEBUG] [PHYSICS] Force calculation complete | Data: {, FinalVelocity: 0.0000,2.2745, HWND: 984402, Interactions: 0}
[2025-08-02 11:59:03.fff] [DEBUG] [PHYSICS] Force calculation complete | Data: {, FinalVelocity: -0.0009,0.0006, HWND: 263352, Interactions: 0}
[2025-08-02 11:59:03.fff] [DEBUG] [PHYSICS] Window snapped to target | Data: {, HWND: 263352}
[2025-08-02 11:59:03.fff] [DEBUG] [PHYSICS] Force calculation complete | Data: {, FinalVelocity: -0.0009,-0.0006, HWND: 263056, Interactions: 0}
[2025-08-02 11:59:03.fff] [DEBUG] [MOVEMENT] Movement batch complete | Data: {, MovementsBatched: 2, MovementsExecuted: 2, WindowsMoved: 2, WindowsProcessed: 9}
[2025-08-02 11:59:03.fff] [DEBUG] [PHYSICS] Window snapped to target | Data: {, HWND: 263056}
[2025-08-02 11:59:03.fff] [DEBUG] [PHYSICS] Force calculation complete | Data: {, FinalVelocity: 0.3008,1.5844, HWND: 66982, Interactions: 1}
[2025-08-02 11:59:03.fff] [DEBUG] [PHYSICS] Force calculation complete | Data: {, FinalVelocity: 0.0017,-0.0001, HWND: 7801396, Interactions: 0}
[2025-08-02 11:59:03.fff] [DEBUG] [PHYSICS] Window snapped to target | Data: {, HWND: 7801396}
[2025-08-02 11:59:03.fff] [DEBUG] [PHYSICS] Force calculation complete | Data: {, FinalVelocity: -0.5974,0.1283, HWND: 4589758, Interactions: 1}
[2025-08-02 11:59:03.fff] [DEBUG] [MOVEMENT] Movement batch complete | Data: {, MovementsBatched: 1, MovementsExecuted: 1, WindowsMoved: 1, WindowsProcessed: 9}
[2025-08-02 11:59:03.fff] [DEBUG] [PHYSICS] Force calculation complete | Data: {, FinalVelocity: -0.9193,-0.1329, HWND: 788694, Interactions: 1}
[2025-08-02 11:59:03.fff] [DEBUG] [PHYSICS] Force calculation complete | Data: {, FinalVelocity: 0.7284,-4.7695, HWND: 525944, Interactions: 0}
[2025-08-02 11:59:03.fff] [DEBUG] [PHYSICS] Force calculation complete | Data: {, FinalVelocity: 0.7283,-4.7693, HWND: 525944, Interactions: 1}
[2025-08-02 11:59:03.fff] [DEBUG] [WINDOW_LIST] Starting window scan | Data: {, ExistingWindows: 9, SeamlessMode: 0}
[2025-08-02 11:59:03.fff] [DEBUG] [CLASSIFY] Window has floating style | Data: {, HWND: 6423140}
[2025-08-02 11:59:03.fff] [DEBUG] [WINDOW_DATA] Window data created successfully | Data: {, HWND: 6423140, Mass: 0.0401, Monitor: 2}
[2025-08-02 11:59:03.fff] [DEBUG] [CLASSIFY] Window has floating style | Data: {, HWND: 984402}
[2025-08-02 11:59:03.fff] [DEBUG] [PHYSICS] Force calculation complete | Data: {, FinalVelocity: -0.1805,0.5611, HWND: 6423140, Interactions: 1}
[2025-08-02 11:59:03.fff] [DEBUG] [PHYSICS] Force calculation complete | Data: {, FinalVelocity: 0.0000,1.5267, HWND: 984402, Interactions: 0}
[2025-08-02 11:59:03.fff] [DEBUG] [PHYSICS] Force calculation complete | Data: {, FinalVelocity: -0.0008,0.0005, HWND: 263352, Interactions: 0}
[2025-08-02 11:59:03.fff] [DEBUG] [PHYSICS] Window snapped to target | Data: {, HWND: 263352}
[2025-08-02 11:59:03.fff] [DEBUG] [MOVEMENT] Movement batch complete | Data: {, MovementsBatched: 1, MovementsExecuted: 1, WindowsMoved: 1, WindowsProcessed: 9}
[2025-08-02 11:59:03.fff] [DEBUG] [PHYSICS] Force calculation complete | Data: {, FinalVelocity: -0.0007,-0.0005, HWND: 263056, Interactions: 0}
[2025-08-02 11:59:03.fff] [DEBUG] [PHYSICS] Window snapped to target | Data: {, HWND: 263056}
[2025-08-02 11:59:03.fff] [DEBUG] [PHYSICS] Force calculation complete | Data: {, FinalVelocity: 0.2415,1.2284, HWND: 66982, Interactions: 1}
[2025-08-02 11:59:03.fff] [DEBUG] [PHYSICS] Force calculation complete | Data: {, FinalVelocity: 0.0014,-0.0001, HWND: 7801396, Interactions: 0}
[2025-08-02 11:59:03.fff] [DEBUG] [PHYSICS] Window snapped to target | Data: {, HWND: 7801396}
[2025-08-02 11:59:03.fff] [DEBUG] [PHYSICS] Force calculation complete | Data: {, FinalVelocity: -0.4648,0.0998, HWND: 4589758, Interactions: 1}
[2025-08-02 11:59:03.fff] [DEBUG] [PHYSICS] Force calculation complete | Data: {, FinalVelocity: -0.7031,-0.1017, HWND: 788694, Interactions: 1}
[2025-08-02 11:59:03.fff] [DEBUG] [PHYSICS] Force calculation complete | Data: {, FinalVelocity: 0.5571,-3.6477, HWND: 525944, Interactions: 0}
[2025-08-02 11:59:03.fff] [DEBUG] [WINDOW_DATA] Window data created successfully | Data: {, HWND: 984402, Mass: 1.1352, Monitor: 1}
[2025-08-02 11:59:03.fff] [DEBUG] [PHYSICS] Force calculation complete | Data: {, FinalVelocity: -0.2415,0.6472, HWND: 6423140, Interactions: 1}
[2025-08-02 11:59:03.fff] [DEBUG] [PHYSICS] Force calculation complete | Data: {, FinalVelocity: 0.0000,1.6036, HWND: 984402, Interactions: 0}
[2025-08-02 11:59:03.fff] [DEBUG] [PHYSICS] Force calculation complete | Data: {, FinalVelocity: -0.0009,0.0005, HWND: 263352, Interactions: 0}
[2025-08-02 11:59:03.fff] [DEBUG] [PHYSICS] Window snapped to target | Data: {, HWND: 263352}
[2025-08-02 11:59:03.fff] [DEBUG] [MOVEMENT] Movement batch complete | Data: {, MovementsBatched: 2, MovementsExecuted: 2, WindowsMoved: 2, WindowsProcessed: 9}
[2025-08-02 11:59:03.fff] [DEBUG] [PHYSICS] Force calculation complete | Data: {, FinalVelocity: -0.0008,-0.0006, HWND: 263056, Interactions: 0}
[2025-08-02 11:59:03.fff] [DEBUG] [PHYSICS] Window snapped to target | Data: {, HWND: 263056}
[2025-08-02 11:59:03.fff] [DEBUG] [PHYSICS] Force calculation complete | Data: {, FinalVelocity: 0.2887,1.3742, HWND: 66982, Interactions: 1}
[2025-08-02 11:59:03.fff] [DEBUG] [PHYSICS] Force calculation complete | Data: {, FinalVelocity: 0.0016,-0.0001, HWND: 7801396, Interactions: 0}
[2025-08-02 11:59:03.fff] [DEBUG] [PHYSICS] Window snapped to target | Data: {, HWND: 7801396}
[2025-08-02 11:59:03.fff] [DEBUG] [PHYSICS] Force calculation complete | Data: {, FinalVelocity: -0.5274,0.1132, HWND: 4589758, Interactions: 1}
[2025-08-02 11:59:03.fff] [DEBUG] [PHYSICS] Force calculation complete | Data: {, FinalVelocity: -0.7922,-0.1145, HWND: 788694, Interactions: 1}
[2025-08-02 11:59:03.fff] [DEBUG] [PHYSICS] Force calculation complete | Data: {, FinalVelocity: 0.6276,-4.1099, HWND: 525944, Interactions: 0}
[2025-08-02 11:59:03.fff] [DEBUG] [CLASSIFY] Window has floating style | Data: {, HWND: 263352}
[2025-08-02 11:59:03.fff] [DEBUG] [PHYSICS] Force calculation complete | Data: {, FinalVelocity: -0.2886,0.7006, HWND: 6423140, Interactions: 1}
[2025-08-02 11:59:03.fff] [DEBUG] [PHYSICS] Force calculation complete | Data: {, FinalVelocity: 0.0000,1.6295, HWND: 984402, Interactions: 0}
[2025-08-02 11:59:03.fff] [DEBUG] [PHYSICS] Force calculation complete | Data: {, FinalVelocity: -0.0009,0.0006, HWND: 263352, Interactions: 0}
[2025-08-02 11:59:03.fff] [DEBUG] [PHYSICS] Window snapped to target | Data: {, HWND: 263352}
[2025-08-02 11:59:03.fff] [DEBUG] [MOVEMENT] Movement batch complete | Data: {, MovementsBatched: 2, MovementsExecuted: 2, WindowsMoved: 2, WindowsProcessed: 9}
[2025-08-02 11:59:03.fff] [DEBUG] [PHYSICS] Force calculation complete | Data: {, FinalVelocity: -0.0009,-0.0006, HWND: 263056, Interactions: 0}
[2025-08-02 11:59:03.fff] [DEBUG] [PHYSICS] Window snapped to target | Data: {, HWND: 263056}
[2025-08-02 11:59:03.fff] [DEBUG] [PHYSICS] Force calculation complete | Data: {, FinalVelocity: 0.3290,1.4409, HWND: 66982, Interactions: 1}
[2025-08-02 11:59:03.fff] [DEBUG] [PHYSICS] Force calculation complete | Data: {, FinalVelocity: 0.0017,-0.0001, HWND: 7801396, Interactions: 0}
[2025-08-02 11:59:03.fff] [DEBUG] [PHYSICS] Window snapped to target | Data: {, HWND: 7801396}
[2025-08-02 11:59:03.fff] [DEBUG] [PHYSICS] Force calculation complete | Data: {, FinalVelocity: -0.5642,0.1211, HWND: 4589758, Interactions: 1}
[2025-08-02 11:59:03.fff] [DEBUG] [PHYSICS] Force calculation complete | Data: {, FinalVelocity: -0.8446,-0.1221, HWND: 788694, Interactions: 1}
[2025-08-02 11:59:03.fff] [DEBUG] [PHYSICS] Force calculation complete | Data: {, FinalVelocity: 0.6692,-4.3817, HWND: 525944, Interactions: 0}
[2025-08-02 11:59:03.fff] [DEBUG] [MOVEMENT] Movement batch complete | Data: {, MovementsBatched: 1, MovementsExecuted: 1, WindowsMoved: 1, WindowsProcessed: 9}
[2025-08-02 11:59:03.fff] [DEBUG] [WINDOW_DATA] Window data created successfully | Data: {, HWND: 263352, Mass: 5.3100, Monitor: 1}
[2025-08-02 11:59:03.fff] [DEBUG] [CLASSIFY] Window has floating style | Data: {, HWND: 263056}
[2025-08-02 11:59:03.fff] [DEBUG] [PHYSICS] Force calculation complete | Data: {, FinalVelocity: -0.3415,0.7368, HWND: 6423140, Interactions: 1}
[2025-08-02 11:59:03.fff] [DEBUG] [PHYSICS] Force calculation complete | Data: {, FinalVelocity: 0.0000,1.6253, HWND: 984402, Interactions: 0}
[2025-08-02 11:59:03.fff] [DEBUG] [PHYSICS] Force calculation complete | Data: {, FinalVelocity: -0.0009,0.0006, HWND: 263352, Interactions: 0}
[2025-08-02 11:59:03.fff] [DEBUG] [PHYSICS] Window snapped to target | Data: {, HWND: 263352}
[2025-08-02 11:59:03.fff] [DEBUG] [MOVEMENT] Movement batch complete | Data: {, MovementsBatched: 1, MovementsExecuted: 1, WindowsMoved: 1, WindowsProcessed: 9}
[2025-08-02 11:59:03.fff] [DEBUG] [PHYSICS] Force calculation complete | Data: {, FinalVelocity: -0.0009,-0.0006, HWND: 263056, Interactions: 0}
[2025-08-02 11:59:03.fff] [DEBUG] [PHYSICS] Window snapped to target | Data: {, HWND: 263056}
[2025-08-02 11:59:03.fff] [DEBUG] [PHYSICS] Force calculation complete | Data: {, FinalVelocity: 0.3653,1.4612, HWND: 66982, Interactions: 1}
[2025-08-02 11:59:03.fff] [DEBUG] [MOVEMENT] Movement batch complete | Data: {, MovementsBatched: 1, MovementsExecuted: 1, WindowsMoved: 1, WindowsProcessed: 9}
[2025-08-02 11:59:03.fff] [DEBUG] [PHYSICS] Force calculation complete | Data: {, FinalVelocity: 0.0017,-0.0001, HWND: 7801396, Interactions: 0}
[2025-08-02 11:59:03.fff] [DEBUG] [PHYSICS] Window snapped to target | Data: {, HWND: 7801396}
[2025-08-02 11:59:03.fff] [DEBUG] [PHYSICS] Force calculation complete | Data: {, FinalVelocity: -0.5858,0.1258, HWND: 4589758, Interactions: 1}
[2025-08-02 11:59:03.fff] [DEBUG] [PHYSICS] Force calculation complete | Data: {, FinalVelocity: -0.8754,-0.1266, HWND: 788694, Interactions: 1}
[2025-08-02 11:59:03.fff] [DEBUG] [PHYSICS] Force calculation complete | Data: {, FinalVelocity: 0.6936,-4.5415, HWND: 525944, Interactions: 0}
[2025-08-02 11:59:03.fff] [DEBUG] [WINDOW_DATA] Window data created successfully | Data: {, HWND: 263056, Mass: 4.4768, Monitor: 1}
[2025-08-02 11:59:03.fff] [DEBUG] [CLASSIFY] Window has floating style | Data: {, HWND: 66982}
[2025-08-02 11:59:03.fff] [DEBUG] [WINDOW_DATA] Window data created successfully | Data: {, HWND: 66982, Mass: 0.5280, Monitor: 2}
[2025-08-02 11:59:03.fff] [DEBUG] [PHYSICS] Force calculation complete | Data: {, FinalVelocity: -0.3853,0.7596, HWND: 6423140, Interactions: 1}
[2025-08-02 11:59:03.fff] [DEBUG] [PHYSICS] Force calculation complete | Data: {, FinalVelocity: 0.0000,1.6039, HWND: 984402, Interactions: 0}
[2025-08-02 11:59:03.fff] [DEBUG] [PHYSICS] Force calculation complete | Data: {, FinalVelocity: -0.0009,0.0006, HWND: 263352, Interactions: 0}
[2025-08-02 11:59:03.fff] [DEBUG] [PHYSICS] Window snapped to target | Data: {, HWND: 263352}
[2025-08-02 11:59:03.fff] [DEBUG] [MOVEMENT] Movement batch complete | Data: {, MovementsBatched: 1, MovementsExecuted: 1, WindowsMoved: 1, WindowsProcessed: 9}
[2025-08-02 11:59:03.fff] [DEBUG] [PHYSICS] Force calculation complete | Data: {, FinalVelocity: -0.0009,-0.0006, HWND: 263056, Interactions: 0}
[2025-08-02 11:59:03.fff] [DEBUG] [PHYSICS] Window snapped to target | Data: {, HWND: 263056}
[2025-08-02 11:59:03.fff] [DEBUG] [PHYSICS] Force calculation complete | Data: {, FinalVelocity: 0.3994,1.4545, HWND: 66982, Interactions: 1}
[2025-08-02 11:59:03.fff] [DEBUG] [PHYSICS] Force calculation complete | Data: {, FinalVelocity: 0.0017,-0.0001, HWND: 7801396, Interactions: 0}
[2025-08-02 11:59:03.fff] [DEBUG] [PHYSICS] Window snapped to target | Data: {, HWND: 7801396}
[2025-08-02 11:59:03.fff] [DEBUG] [MOVEMENT] Movement batch complete | Data: {, MovementsBatched: 1, MovementsExecuted: 1, WindowsMoved: 1, WindowsProcessed: 9}
[2025-08-02 11:59:03.fff] [DEBUG] [PHYSICS] Force calculation complete | Data: {, FinalVelocity: -0.5985,0.1285, HWND: 4589758, Interactions: 1}
[2025-08-02 11:59:03.fff] [DEBUG] [PHYSICS] Force calculation complete | Data: {, FinalVelocity: -0.8935,-0.1292, HWND: 788694, Interactions: 1}
[2025-08-02 11:59:03.fff] [DEBUG] [PHYSICS] Force calculation complete | Data: {, FinalVelocity: 0.7079,-4.6354, HWND: 525944, Interactions: 0}
[2025-08-02 11:59:03.fff] [DEBUG] [PHYSICS] Force calculation complete | Data: {, FinalVelocity: -0.4239,0.7741, HWND: 6423140, Interactions: 1}
[2025-08-02 11:59:03.fff] [DEBUG] [PHYSICS] Force calculation complete | Data: {, FinalVelocity: 0.0000,1.5726, HWND: 984402, Interactions: 0}
[2025-08-02 11:59:03.fff] [DEBUG] [PHYSICS] Force calculation complete | Data: {, FinalVelocity: -0.0010,0.0006, HWND: 263352, Interactions: 0}
[2025-08-02 11:59:03.fff] [DEBUG] [MOVEMENT] Movement batch complete | Data: {, MovementsBatched: 1, MovementsExecuted: 1, WindowsMoved: 1, WindowsProcessed: 9}
[2025-08-02 11:59:03.fff] [DEBUG] [PHYSICS] Window snapped to target | Data: {, HWND: 263352}
[2025-08-02 11:59:03.fff] [DEBUG] [PHYSICS] Force calculation complete | Data: {, FinalVelocity: -0.0009,-0.0006, HWND: 263056, Interactions: 0}
[2025-08-02 11:59:03.fff] [DEBUG] [PHYSICS] Window snapped to target | Data: {, HWND: 263056}
[2025-08-02 11:59:04.fff] [DEBUG] [PHYSICS] Force calculation complete | Data: {, FinalVelocity: 0.4322,1.4321, HWND: 66982, Interactions: 1}
[2025-08-02 11:59:04.fff] [DEBUG] [PHYSICS] Force calculation complete | Data: {, FinalVelocity: 0.0017,-0.0001, HWND: 7801396, Interactions: 0}
[2025-08-02 11:59:04.fff] [DEBUG] [PHYSICS] Window snapped to target | Data: {, HWND: 7801396}
[2025-08-02 11:59:04.fff] [DEBUG] [PHYSICS] Force calculation complete | Data: {, FinalVelocity: -0.6060,0.1301, HWND: 4589758, Interactions: 1}
[2025-08-02 11:59:04.fff] [DEBUG] [MOVEMENT] Movement batch complete | Data: {, MovementsBatched: 1, MovementsExecuted: 1, WindowsMoved: 1, WindowsProcessed: 9}
[2025-08-02 11:59:04.fff] [DEBUG] [PHYSICS] Force calculation complete | Data: {, FinalVelocity: -0.9042,-0.1307, HWND: 788694, Interactions: 1}
[2025-08-02 11:59:04.fff] [DEBUG] [PHYSICS] Force calculation complete | Data: {, FinalVelocity: 0.7163,-4.6907, HWND: 525944, Interactions: 0}
[2025-08-02 11:59:04.fff] [DEBUG] [CLASSIFY] Window has floating style | Data: {, HWND: 7801396}
[2025-08-02 11:59:04.fff] [DEBUG] [WINDOW_DATA] Window data created successfully | Data: {, HWND: 7801396, Mass: 10.1941, Monitor: 1}
[2025-08-02 11:59:04.fff] [DEBUG] [CLASSIFY] Window has floating style | Data: {, HWND: 4589758}
[2025-08-02 11:59:04.fff] [DEBUG] [WINDOW_DATA] Window data created successfully | Data: {, HWND: 4589758, Mass: 5.6706, Monitor: 1}
[2025-08-02 11:59:04.fff] [DEBUG] [CLASSIFY] Window has floating style | Data: {, HWND: 788694}
[2025-08-02 11:59:04.fff] [DEBUG] [PHYSICS] Force calculation complete | Data: {, FinalVelocity: -0.4590,0.7831, HWND: 6423140, Interactions: 1}
[2025-08-02 11:59:04.fff] [DEBUG] [PHYSICS] Force calculation complete | Data: {, FinalVelocity: 0.0000,1.5354, HWND: 984402, Interactions: 0}
[2025-08-02 11:59:04.fff] [DEBUG] [PHYSICS] Force calculation complete | Data: {, FinalVelocity: -0.0010,0.0006, HWND: 263352, Interactions: 0}
[2025-08-02 11:59:04.fff] [DEBUG] [PHYSICS] Window snapped to target | Data: {, HWND: 263352}
[2025-08-02 11:59:04.fff] [DEBUG] [MOVEMENT] Movement batch complete | Data: {, MovementsBatched: 1, MovementsExecuted: 1, WindowsMoved: 1, WindowsProcessed: 9}
[2025-08-02 11:59:04.fff] [DEBUG] [PHYSICS] Force calculation complete | Data: {, FinalVelocity: -0.0009,-0.0007, HWND: 263056, Interactions: 0}
[2025-08-02 11:59:04.fff] [DEBUG] [PHYSICS] Window snapped to target | Data: {, HWND: 263056}
[2025-08-02 11:59:04.fff] [DEBUG] [PHYSICS] Force calculation complete | Data: {, FinalVelocity: 0.4639,1.4012, HWND: 66982, Interactions: 1}
[2025-08-02 11:59:04.fff] [DEBUG] [PHYSICS] Force calculation complete | Data: {, FinalVelocity: 0.0017,-0.0001, HWND: 7801396, Interactions: 0}
[2025-08-02 11:59:04.fff] [DEBUG] [PHYSICS] Window snapped to target | Data: {, HWND: 7801396}
[2025-08-02 11:59:04.fff] [DEBUG] [PHYSICS] Force calculation complete | Data: {, FinalVelocity: -0.6104,0.1311, HWND: 4589758, Interactions: 1}
[2025-08-02 11:59:04.fff] [DEBUG] [PHYSICS] Force calculation complete | Data: {, FinalVelocity: -0.9104,-0.1316, HWND: 788694, Interactions: 1}
[2025-08-02 11:59:04.fff] [DEBUG] [PHYSICS] Force calculation complete | Data: {, FinalVelocity: 0.7213,-4.7231, HWND: 525944, Interactions: 0}
[2025-08-02 11:59:04.fff] [DEBUG] [MOVEMENT] Movement batch complete | Data: {, MovementsBatched: 1, MovementsExecuted: 1, WindowsMoved: 1, WindowsProcessed: 9}
[2025-08-02 11:59:04.fff] [DEBUG] [WINDOW_DATA] Window data created successfully | Data: {, HWND: 788694, Mass: 2.1504, Monitor: 1}
[2025-08-02 11:59:04.fff] [DEBUG] [CLASSIFY] Window has floating style | Data: {, HWND: 525944}
[2025-08-02 11:59:04.fff] [DEBUG] [WINDOW_DATA] Window data created successfully | Data: {, HWND: 525944, Mass: 11.4426, Monitor: 2}
[2025-08-02 11:59:04.fff] [INFO] [WINDOW_LIST] Window scan complete | Data: {, FinalCount: 9, WindowsIncluded: 9, WindowsScanned: 14, WindowsSkipped: 5}
[2025-08-02 11:59:04.fff] [DEBUG] [PHYSICS] Force calculation complete | Data: {, FinalVelocity: -0.4910,0.7884, HWND: 6423140, Interactions: 1}
[2025-08-02 11:59:04.fff] [DEBUG] [PHYSICS] Force calculation complete | Data: {, FinalVelocity: 0.0000,1.4951, HWND: 984402, Interactions: 0}
[2025-08-02 11:59:04.fff] [DEBUG] [PHYSICS] Force calculation complete | Data: {, FinalVelocity: -0.0010,0.0006, HWND: 263352, Interactions: 0}
[2025-08-02 11:59:04.fff] [DEBUG] [PHYSICS] Window snapped to target | Data: {, HWND: 263352}
[2025-08-02 11:59:04.fff] [DEBUG] [MOVEMENT] Movement batch complete | Data: {, MovementsBatched: 1, MovementsExecuted: 1, WindowsMoved: 1, WindowsProcessed: 9}
[2025-08-02 11:59:04.fff] [DEBUG] [PHYSICS] Force calculation complete | Data: {, FinalVelocity: -0.0009,-0.0007, HWND: 263056, Interactions: 0}
[2025-08-02 11:59:04.fff] [DEBUG] [PHYSICS] Window snapped to target | Data: {, HWND: 263056}
[2025-08-02 11:59:04.fff] [DEBUG] [PHYSICS] Force calculation complete | Data: {, FinalVelocity: 0.4940,1.3669, HWND: 66982, Interactions: 1}
[2025-08-02 11:59:04.fff] [DEBUG] [PHYSICS] Force calculation complete | Data: {, FinalVelocity: 0.0018,-0.0001, HWND: 7801396, Interactions: 0}
[2025-08-02 11:59:04.fff] [DEBUG] [PHYSICS] Window snapped to target | Data: {, HWND: 7801396}
[2025-08-02 11:59:04.fff] [DEBUG] [PHYSICS] Force calculation complete | Data: {, FinalVelocity: -0.6130,0.1316, HWND: 4589758, Interactions: 1}
[2025-08-02 11:59:04.fff] [DEBUG] [PHYSICS] Force calculation complete | Data: {, FinalVelocity: -0.9141,-0.1322, HWND: 788694, Interactions: 1}
[2025-08-02 11:59:04.fff] [DEBUG] [MOVEMENT] Movement batch complete | Data: {, MovementsBatched: 1, MovementsExecuted: 1, WindowsMoved: 1, WindowsProcessed: 9}
[2025-08-02 11:59:04.fff] [DEBUG] [PHYSICS] Force calculation complete | Data: {, FinalVelocity: 0.7242,-4.7422, HWND: 525944, Interactions: 0}
[2025-08-02 11:59:04.fff] [DEBUG] [UPDATE] Window states updated | Data: {, ArrangementActive: 1, PhysicsEnabled: 1, WindowCount: 9}
[2025-08-02 11:59:04.fff] [DEBUG] [PHYSICS] Force calculation complete | Data: {, FinalVelocity: -0.0451,0.4991, HWND: 6423140, Interactions: 0}
[2025-08-02 11:59:04.fff] [DEBUG] [PHYSICS] Force calculation complete | Data: {, FinalVelocity: 0.0000,2.3234, HWND: 984402, Interactions: 0}
[2025-08-02 11:59:04.fff] [DEBUG] [PHYSICS] Force calculation complete | Data: {, FinalVelocity: -0.0442,0.7445, HWND: 6423140, Interactions: 0}
[2025-08-02 11:59:04.fff] [DEBUG] [PHYSICS] Force calculation complete | Data: {, FinalVelocity: 0.0000,2.3234, HWND: 984402, Interactions: 0}
[2025-08-02 11:59:04.fff] [DEBUG] [PHYSICS] Force calculation complete | Data: {, FinalVelocity: -0.0009,0.0006, HWND: 263352, Interactions: 0}
[2025-08-02 11:59:04.fff] [DEBUG] [PHYSICS] Window snapped to target | Data: {, HWND: 263352}
[2025-08-02 11:59:04.fff] [DEBUG] [MOVEMENT] Movement batch complete | Data: {, MovementsBatched: 2, MovementsExecuted: 2, WindowsMoved: 2, WindowsProcessed: 9}
[2025-08-02 11:59:04.fff] [DEBUG] [PHYSICS] Force calculation complete | Data: {, FinalVelocity: -0.0009,-0.0006, HWND: 263056, Interactions: 0}
[2025-08-02 11:59:04.fff] [DEBUG] [PHYSICS] Window snapped to target | Data: {, HWND: 263056}
[2025-08-02 11:59:04.fff] [DEBUG] [PHYSICS] Force calculation complete | Data: {, FinalVelocity: 0.3356,1.5517, HWND: 66982, Interactions: 1}
[2025-08-02 11:59:04.fff] [DEBUG] [MOVEMENT] Movement batch complete | Data: {, MovementsBatched: 2, MovementsExecuted: 2, WindowsMoved: 2, WindowsProcessed: 9}
[2025-08-02 11:59:04.fff] [DEBUG] [PHYSICS] Force calculation complete | Data: {, FinalVelocity: 0.0017,-0.0001, HWND: 7801396, Interactions: 0}
[2025-08-02 11:59:04.fff] [DEBUG] [PHYSICS] Window snapped to target | Data: {, HWND: 7801396}
[2025-08-02 11:59:04.fff] [DEBUG] [PHYSICS] Force calculation complete | Data: {, FinalVelocity: -0.6104,0.1311, HWND: 4589758, Interactions: 1}
[2025-08-02 11:59:04.fff] [DEBUG] [PHYSICS] Force calculation complete | Data: {, FinalVelocity: -0.9141,-0.1322, HWND: 788694, Interactions: 1}
[2025-08-02 11:59:04.fff] [DEBUG] [MOVEMENT] Movement batch complete | Data: {, MovementsBatched: 2, MovementsExecuted: 2, WindowsMoved: 2, WindowsProcessed: 9}
[2025-08-02 11:59:04.fff] [DEBUG] [PHYSICS] Force calculation complete | Data: {, FinalVelocity: 0.7242,-4.7422, HWND: 525944, Interactions: 0}
[2025-08-02 11:59:04.fff] [DEBUG] [PHYSICS] Force calculation complete | Data: {, FinalVelocity: -0.1605,0.7549, HWND: 6423140, Interactions: 1}
[2025-08-02 11:59:04.fff] [DEBUG] [PHYSICS] Force calculation complete | Data: {, FinalVelocity: 0.0000,2.1000, HWND: 984402, Interactions: 0}
[2025-08-02 11:59:04.fff] [DEBUG] [PHYSICS] Force calculation complete | Data: {, FinalVelocity: -0.0009,0.0006, HWND: 263352, Interactions: 0}
[2025-08-02 11:59:04.fff] [DEBUG] [PHYSICS] Window snapped to target | Data: {, HWND: 263352}
[2025-08-02 11:59:04.fff] [DEBUG] [MOVEMENT] Movement batch complete | Data: {, MovementsBatched: 1, MovementsExecuted: 1, WindowsMoved: 1, WindowsProcessed: 9}
[2025-08-02 11:59:04.fff] [DEBUG] [PHYSICS] Force calculation complete | Data: {, FinalVelocity: -0.0009,-0.0006, HWND: 263056, Interactions: 0}
[2025-08-02 11:59:04.fff] [DEBUG] [PHYSICS] Window snapped to target | Data: {, HWND: 263056}
[2025-08-02 11:59:04.fff] [DEBUG] [PHYSICS] Force calculation complete | Data: {, FinalVelocity: 0.3320,1.5830, HWND: 66982, Interactions: 1}
[2025-08-02 11:59:04.fff] [DEBUG] [PHYSICS] Force calculation complete | Data: {, FinalVelocity: 0.0018,-0.0001, HWND: 7801396, Interactions: 0}
[2025-08-02 11:59:04.fff] [DEBUG] [MOVEMENT] Movement batch complete | Data: {, MovementsBatched: 1, MovementsExecuted: 1, WindowsMoved: 1, WindowsProcessed: 9}
[2025-08-02 11:59:04.fff] [DEBUG] [PHYSICS] Window snapped to target | Data: {, HWND: 7801396}
[2025-08-02 11:59:04.fff] [DEBUG] [PHYSICS] Force calculation complete | Data: {, FinalVelocity: -0.6130,0.1316, HWND: 4589758, Interactions: 1}
[2025-08-02 11:59:04.fff] [DEBUG] [PHYSICS] Force calculation complete | Data: {, FinalVelocity: -0.9163,-0.1325, HWND: 788694, Interactions: 1}
[2025-08-02 11:59:04.fff] [DEBUG] [PHYSICS] Force calculation complete | Data: {, FinalVelocity: 0.7259,-4.7535, HWND: 525944, Interactions: 0}
[2025-08-02 11:59:04.fff] [DEBUG] [PHYSICS] Force calculation complete | Data: {, FinalVelocity: -0.0010,0.0006, HWND: 263352, Interactions: 0}
[2025-08-02 11:59:04.fff] [DEBUG] [PHYSICS] Window snapped to target | Data: {, HWND: 263352}
[2025-08-02 11:59:04.fff] [DEBUG] [PHYSICS] Force calculation complete | Data: {, FinalVelocity: -0.2435,0.7645, HWND: 6423140, Interactions: 1}
[2025-08-02 11:59:04.fff] [DEBUG] [PHYSICS] Force calculation complete | Data: {, FinalVelocity: 0.0000,2.9864, HWND: 984402, Interactions: 0}
[2025-08-02 11:59:04.fff] [DEBUG] [PHYSICS] Force calculation complete | Data: {, FinalVelocity: -0.0005,0.0003, HWND: 263352, Interactions: 0}
[2025-08-02 11:59:04.fff] [DEBUG] [PHYSICS] Window snapped to target | Data: {, HWND: 263352}
[2025-08-02 11:59:04.fff] [DEBUG] [MOVEMENT] Movement batch complete | Data: {, MovementsBatched: 1, MovementsExecuted: 1, WindowsMoved: 1, WindowsProcessed: 9}
[2025-08-02 11:59:04.fff] [DEBUG] [PHYSICS] Force calculation complete | Data: {, FinalVelocity: -0.0009,-0.0007, HWND: 263056, Interactions: 0}
[2025-08-02 11:59:04.fff] [DEBUG] [PHYSICS] Window snapped to target | Data: {, HWND: 263056}
[2025-08-02 11:59:04.fff] [DEBUG] [PHYSICS] Force calculation complete | Data: {, FinalVelocity: 0.3444,1.5789, HWND: 66982, Interactions: 1}
[2025-08-02 11:59:04.fff] [DEBUG] [PHYSICS] Force calculation complete | Data: {, FinalVelocity: 0.0018,-0.0001, HWND: 7801396, Interactions: 0}
[2025-08-02 11:59:04.fff] [DEBUG] [PHYSICS] Window snapped to target | Data: {, HWND: 7801396}
[2025-08-02 11:59:04.fff] [DEBUG] [PHYSICS] Force calculation complete | Data: {, FinalVelocity: -0.6145,0.1320, HWND: 4589758, Interactions: 1}
[2025-08-02 11:59:04.fff] [DEBUG] [PHYSICS] Force calculation complete | Data: {, FinalVelocity: -0.9176,-0.1327, HWND: 788694, Interactions: 1}
[2025-08-02 11:59:04.fff] [DEBUG] [PHYSICS] Force calculation complete | Data: {, FinalVelocity: 0.7269,-4.7601, HWND: 525944, Interactions: 0}
[2025-08-02 11:59:04.fff] [DEBUG] [MOVEMENT] Movement batch complete | Data: {, MovementsBatched: 1, MovementsExecuted: 1, WindowsMoved: 1, WindowsProcessed: 9}
[2025-08-02 11:59:04.fff] [DEBUG] [PHYSICS] Force calculation complete | Data: {, FinalVelocity: -0.3067,0.7730, HWND: 6423140, Interactions: 1}
[2025-08-02 11:59:04.fff] [DEBUG] [PHYSICS] Force calculation complete | Data: {, FinalVelocity: 0.0000,2.4308, HWND: 984402, Interactions: 0}
[2025-08-02 11:59:04.fff] [DEBUG] [PHYSICS] Force calculation complete | Data: {, FinalVelocity: -0.0007,0.0004, HWND: 263352, Interactions: 0}
[2025-08-02 11:59:04.fff] [DEBUG] [PHYSICS] Window snapped to target | Data: {, HWND: 263352}
[2025-08-02 11:59:04.fff] [DEBUG] [MOVEMENT] Movement batch complete | Data: {, MovementsBatched: 1, MovementsExecuted: 1, WindowsMoved: 1, WindowsProcessed: 9}
[2025-08-02 11:59:04.fff] [DEBUG] [PHYSICS] Force calculation complete | Data: {, FinalVelocity: -0.0009,-0.0007, HWND: 263056, Interactions: 0}
[2025-08-02 11:59:04.fff] [DEBUG] [PHYSICS] Window snapped to target | Data: {, HWND: 263056}
[2025-08-02 11:59:04.fff] [DEBUG] [PHYSICS] Force calculation complete | Data: {, FinalVelocity: 0.3661,1.5547, HWND: 66982, Interactions: 1}
[2025-08-02 11:59:04.fff] [DEBUG] [PHYSICS] Force calculation complete | Data: {, FinalVelocity: 0.0018,-0.0001, HWND: 7801396, Interactions: 0}
[2025-08-02 11:59:04.fff] [DEBUG] [MOVEMENT] Movement batch complete | Data: {, MovementsBatched: 1, MovementsExecuted: 1, WindowsMoved: 1, WindowsProcessed: 9}
[2025-08-02 11:59:04.fff] [DEBUG] [PHYSICS] Window snapped to target | Data: {, HWND: 7801396}
[2025-08-02 11:59:04.fff] [DEBUG] [PHYSICS] Force calculation complete | Data: {, FinalVelocity: -0.6154,0.1321, HWND: 4589758, Interactions: 1}
[2025-08-02 11:59:04.fff] [DEBUG] [PHYSICS] Force calculation complete | Data: {, FinalVelocity: -0.9183,-0.1328, HWND: 788694, Interactions: 1}
[2025-08-02 11:59:04.fff] [DEBUG] [PHYSICS] Force calculation complete | Data: {, FinalVelocity: 0.7275,-4.7640, HWND: 525944, Interactions: 0}
[2025-08-02 11:59:04.fff] [DEBUG] [PHYSICS] Force calculation complete | Data: {, FinalVelocity: -0.0009,-0.0007, HWND: 263056, Interactions: 0}
[2025-08-02 11:59:04.fff] [DEBUG] [PHYSICS] Window snapped to target | Data: {, HWND: 263056}
[2025-08-02 11:59:04.fff] [DEBUG] [PHYSICS] Force calculation complete | Data: {, FinalVelocity: 0.3924,1.5203, HWND: 66982, Interactions: 1}
[2025-08-02 11:59:04.fff] [DEBUG] [PHYSICS] Force calculation complete | Data: {, FinalVelocity: -0.3575,0.7800, HWND: 6423140, Interactions: 1}
[2025-08-02 11:59:04.fff] [DEBUG] [PHYSICS] Force calculation complete | Data: {, FinalVelocity: 0.0000,2.0758, HWND: 984402, Interactions: 0}
[2025-08-02 11:59:04.fff] [DEBUG] [PHYSICS] Force calculation complete | Data: {, FinalVelocity: -0.0013,0.0008, HWND: 263352, Interactions: 0}
[2025-08-02 11:59:04.fff] [DEBUG] [PHYSICS] Window snapped to target | Data: {, HWND: 263352}
[2025-08-02 11:59:04.fff] [DEBUG] [MOVEMENT] Movement batch complete | Data: {, MovementsBatched: 1, MovementsExecuted: 1, WindowsMoved: 1, WindowsProcessed: 9}
[2025-08-02 11:59:04.fff] [DEBUG] [PHYSICS] Force calculation complete | Data: {, FinalVelocity: -0.0012,-0.0009, HWND: 263056, Interactions: 0}
[2025-08-02 11:59:04.fff] [DEBUG] [PHYSICS] Window snapped to target | Data: {, HWND: 263056}
[2025-08-02 11:59:04.fff] [DEBUG] [PHYSICS] Force calculation complete | Data: {, FinalVelocity: 0.3924,1.5203, HWND: 66982, Interactions: 1}
[2025-08-02 11:59:04.fff] [DEBUG] [PHYSICS] Force calculation complete | Data: {, FinalVelocity: 0.0018,-0.0001, HWND: 7801396, Interactions: 0}
[2025-08-02 11:59:04.fff] [DEBUG] [PHYSICS] Window snapped to target | Data: {, HWND: 7801396}
[2025-08-02 11:59:04.fff] [DEBUG] [PHYSICS] Force calculation complete | Data: {, FinalVelocity: -0.6159,0.1323, HWND: 4589758, Interactions: 1}
[2025-08-02 11:59:04.fff] [DEBUG] [PHYSICS] Force calculation complete | Data: {, FinalVelocity: -0.9187,-0.1328, HWND: 788694, Interactions: 1}
[2025-08-02 11:59:04.fff] [DEBUG] [PHYSICS] Force calculation complete | Data: {, FinalVelocity: 0.7279,-4.7663, HWND: 525944, Interactions: 0}
[2025-08-02 11:59:04.fff] [DEBUG] [MOVEMENT] Movement batch complete | Data: {, MovementsBatched: 1, MovementsExecuted: 1, WindowsMoved: 1, WindowsProcessed: 9}
[2025-08-02 11:59:04.fff] [DEBUG] [PHYSICS] Force calculation complete | Data: {, FinalVelocity: 0.0018,-0.0001, HWND: 7801396, Interactions: 0}
[2025-08-02 11:59:04.fff] [DEBUG] [PHYSICS] Window snapped to target | Data: {, HWND: 7801396}
[2025-08-02 11:59:04.fff] [DEBUG] [PHYSICS] Force calculation complete | Data: {, FinalVelocity: -0.6162,0.1323, HWND: 4589758, Interactions: 1}
[2025-08-02 11:59:04.fff] [DEBUG] [PHYSICS] Force calculation complete | Data: {, FinalVelocity: -0.9190,-0.1329, HWND: 788694, Interactions: 1}
[2025-08-02 11:59:04.fff] [INFO] [STATS] System Stats | Data: {, Errors: 5004, FPS: 27.29, TotalFrames: 820, Uptime: 30.05s, Warnings: 5003, WindowCount: 9, WindowMoves: 804}
[2025-08-02 11:59:04.fff] [DEBUG] [PHYSICS] Force calculation complete | Data: {, FinalVelocity: -0.4004,0.7856, HWND: 6423140, Interactions: 1}
[2025-08-02 11:59:04.fff] [DEBUG] [PHYSICS] Force calculation complete | Data: {, FinalVelocity: 0.0000,1.8422, HWND: 984402, Interactions: 0}
[2025-08-02 11:59:04.fff] [DEBUG] [PHYSICS] Force calculation complete | Data: {, FinalVelocity: -0.0011,0.0007, HWND: 263352, Interactions: 0}
[2025-08-02 11:59:04.fff] [DEBUG] [PHYSICS] Window snapped to target | Data: {, HWND: 263352}
[2025-08-02 11:59:04.fff] [DEBUG] [MOVEMENT] Movement batch complete | Data: {, MovementsBatched: 2, MovementsExecuted: 2, WindowsMoved: 2, WindowsProcessed: 9}
[2025-08-02 11:59:04.fff] [DEBUG] [PHYSICS] Force calculation complete | Data: {, FinalVelocity: -0.0011,-0.0008, HWND: 263056, Interactions: 0}
[2025-08-02 11:59:04.fff] [DEBUG] [PHYSICS] Window snapped to target | Data: {, HWND: 263056}
[2025-08-02 11:59:04.fff] [DEBUG] [PHYSICS] Force calculation complete | Data: {, FinalVelocity: 0.5881,2.0579, HWND: 66982, Interactions: 1}
[2025-08-02 11:59:04.fff] [DEBUG] [PHYSICS] Force calculation complete | Data: {, FinalVelocity: 0.0024,-0.0001, HWND: 7801396, Interactions: 0}
[2025-08-02 11:59:04.fff] [DEBUG] [MOVEMENT] Movement batch complete | Data: {, MovementsBatched: 1, MovementsExecuted: 1, WindowsMoved: 1, WindowsProcessed: 9}
[2025-08-02 11:59:04.fff] [DEBUG] [PHYSICS] Window snapped to target | Data: {, HWND: 7801396}
[2025-08-02 11:59:04.fff] [DEBUG] [PHYSICS] Force calculation complete | Data: {, FinalVelocity: -0.8580,0.1842, HWND: 4589758, Interactions: 1}
[2025-08-02 11:59:04.fff] [DEBUG] [PHYSICS] Force calculation complete | Data: {, FinalVelocity: -0.9190,-0.1329, HWND: 788694, Interactions: 1}
[2025-08-02 11:59:04.fff] [DEBUG] [PHYSICS] Force calculation complete | Data: {, FinalVelocity: 0.7281,-4.7676, HWND: 525944, Interactions: 0}
[2025-08-02 11:59:04.fff] [DEBUG] [PHYSICS] Force calculation complete | Data: {, FinalVelocity: 0.7282,-4.7684, HWND: 525944, Interactions: 0}
[2025-08-02 11:59:04.fff] [DEBUG] [PHYSICS] Force calculation complete | Data: {, FinalVelocity: -0.3617,0.6051, HWND: 6423140, Interactions: 1}
[2025-08-02 11:59:04.fff] [DEBUG] [PHYSICS] Force calculation complete | Data: {, FinalVelocity: 0.0000,1.2494, HWND: 984402, Interactions: 0}
[2025-08-02 11:59:04.fff] [DEBUG] [PHYSICS] Force calculation complete | Data: {, FinalVelocity: -0.0008,0.0005, HWND: 263352, Interactions: 0}
[2025-08-02 11:59:04.fff] [DEBUG] [PHYSICS] Window snapped to target | Data: {, HWND: 263352}
[2025-08-02 11:59:04.fff] [DEBUG] [WINDOW_LIST] Starting window scan | Data: {, ExistingWindows: 9, SeamlessMode: 0}
[2025-08-02 11:59:04.fff] [DEBUG] [CLASSIFY] Window has floating style | Data: {, HWND: 6423140}
[2025-08-02 11:59:04.fff] [DEBUG] [WINDOW_DATA] Window data created successfully | Data: {, HWND: 6423140, Mass: 0.0401, Monitor: 2}
[2025-08-02 11:59:04.fff] [DEBUG] [CLASSIFY] Window has floating style | Data: {, HWND: 984402}
[2025-08-02 11:59:04.fff] [DEBUG] [WINDOW_DATA] Window data created successfully | Data: {, HWND: 984402, Mass: 1.1352, Monitor: 1}
[2025-08-02 11:59:04.fff] [DEBUG] [MOVEMENT] Movement batch complete | Data: {, MovementsBatched: 1, MovementsExecuted: 1, WindowsMoved: 1, WindowsProcessed: 9}
[2025-08-02 11:59:04.fff] [DEBUG] [CLASSIFY] Window has floating style | Data: {, HWND: 263352}
[2025-08-02 11:59:04.fff] [DEBUG] [WINDOW_DATA] Window data created successfully | Data: {, HWND: 263352, Mass: 5.3100, Monitor: 1}
[2025-08-02 11:59:04.fff] [DEBUG] [CLASSIFY] Window has floating style | Data: {, HWND: 263056}
[2025-08-02 11:59:04.fff] [DEBUG] [WINDOW_DATA] Window data created successfully | Data: {, HWND: 263056, Mass: 4.4768, Monitor: 1}
[2025-08-02 11:59:04.fff] [DEBUG] [CLASSIFY] Window has floating style | Data: {, HWND: 66982}
[2025-08-02 11:59:04.fff] [DEBUG] [WINDOW_DATA] Window data created successfully | Data: {, HWND: 66982, Mass: 0.5280, Monitor: 2}
[2025-08-02 11:59:04.fff] [DEBUG] [CLASSIFY] Window has floating style | Data: {, HWND: 7801396}
[2025-08-02 11:59:04.fff] [DEBUG] [WINDOW_DATA] Window data created successfully | Data: {, HWND: 7801396, Mass: 10.1941, Monitor: 1}
[2025-08-02 11:59:04.fff] [DEBUG] [CLASSIFY] Window has floating style | Data: {, HWND: 4589758}
[2025-08-02 11:59:04.fff] [DEBUG] [WINDOW_DATA] Window data created successfully | Data: {, HWND: 4589758, Mass: 5.6706, Monitor: 1}
[2025-08-02 11:59:05.fff] [DEBUG] [CLASSIFY] Window has floating style | Data: {, HWND: 788694}
[2025-08-02 11:59:05.fff] [DEBUG] [WINDOW_DATA] Window data created successfully | Data: {, HWND: 788694, Mass: 2.1504, Monitor: 1}
[2025-08-02 11:59:05.fff] [DEBUG] [CLASSIFY] Window has floating style | Data: {, HWND: 525944}
[2025-08-02 11:59:05.fff] [DEBUG] [WINDOW_DATA] Window data created successfully | Data: {, HWND: 525944, Mass: 11.4426, Monitor: 2}
[2025-08-02 11:59:05.fff] [INFO] [WINDOW_LIST] Window scan complete | Data: {, FinalCount: 9, WindowsIncluded: 9, WindowsScanned: 14, WindowsSkipped: 5}
[2025-08-02 11:59:05.fff] [DEBUG] [UPDATE] Window states updated | Data: {, ArrangementActive: 1, PhysicsEnabled: 1, WindowCount: 9}
[2025-08-02 11:59:05.fff] [DEBUG] [PHYSICS] Force calculation complete | Data: {, FinalVelocity: -0.3544,0.8483, HWND: 6423140, Interactions: 0}
[2025-08-02 11:59:05.fff] [DEBUG] [PHYSICS] Force calculation complete | Data: {, FinalVelocity: 0.0000,2.6501, HWND: 984402, Interactions: 0}
